<?xml version="1.0" encoding="UTF-8"?>
<!-- Generated by org.testng.reporters.JUnitReportReporter -->
<testsuite hostname="LAPTOP-PJ07ILNS" failures="0" tests="4" name="runner.TestRunner" time="8.047" errors="0" timestamp="2026-04-19T13:23:53 IST" skipped="0">
  <testcase classname="runner.TestRunner" name="runScenario" time="1.794"/>
  <testcase classname="runner.TestRunner" name="runScenario" time="1.676"/>
  <testcase classname="runner.TestRunner" name="runScenario" time="1.520"/>
  <testcase classname="runner.TestRunner" name="runScenario" time="3.057"/>
</testsuite> <!-- runner.TestRunner -->
